2025-04-26 05:07:00: BuildInfo: [10.0.26100.1 (ge_release.240331-1435)]
2025-04-26 05:07:00: CommandLine: [V:\Sources\SetupPrep.exe ]
2025-04-26 05:07:00: Opening Box: [V:\Sources\SetupPrep.exe]
2025-04-26 05:07:00: Opening Box Result: [0x0]
2025-04-26 05:07:00: Detecting Product from config file.
2025-04-26 05:07:00: ParseCommandLine: Product from Setup.cfg: [0]
2025-04-26 05:07:00: Deleting box result...
2025-04-26 05:07:00: Checking cleanup registry value...
2025-04-26 05:07:00: Cleanup value missing... assuming no cleanup.
2025-04-26 05:07:00: Skipping cleanup.
2025-04-26 05:07:00: Cleaning alternate storage paths...
2025-04-26 05:07:00: Cleaning MoSetup Volatile key...
2025-04-26 05:07:00: Removing CorrelationVector registry value...
2025-04-26 05:07:00: Removing cleanup registry value...
2025-04-26 05:07:00: Flushing MoSetup registry key...
2025-04-26 05:07:00: Cleaning working dir...
2025-04-26 05:07:00: Creating path (with ACL): [X:\$WINDOWS.~BT]...
2025-04-26 05:07:00: Creating path: [X:\$WINDOWS.~BT\Sources]...
2025-04-26 05:07:00: Launching process: [V:\Sources\SetupHost.exe] with command-line [/Install /Boot  /InstallFile "V:\Sources\Install.wim" /MediaPath "V:"] in Session: [-1]
2025-04-26 05:07:00: Launching: [V:\Sources\SetupHost.exe] [/Install /Boot  /InstallFile "V:\Sources\Install.wim" /MediaPath "V:"] from []!
2025-04-26 05:07:00: Waiting for process events...
